[    0.000000] Initializing cgroup subsys cpuset
[    0.000000] Initializing cgroup subsys cpu
[    0.000000] Initializing cgroup subsys cpuacct
[    0.000000] Linux version 4.4.0-194-generic (buildd@lcy01-amd64-015) (gcc version 5.4.0 20160609 (Ubuntu 5.4.0-6ubuntu1~16.04.12) ) #226-Ubuntu SMP Wed Oct 21 10:20:20 UTC 2020 (Ubuntu 4.4.0-194.226-generic 4.4.236)
[    0.000000] KERNEL supported cpus:
[    0.000000]   Intel GenuineIntel
[    0.000000]   AMD AuthenticAMD
[    0.000000]   NSC Geode by NSC
[    0.000000]   Cyrix CyrixInstead
[    0.000000]   Centaur CentaurHauls
[    0.000000]   Transmeta GenuineTMx86
[    0.000000]   Transmeta TransmetaCPU
[    0.000000]   UMC UMC UMC UMC
[    0.000000] x86/fpu: xstate_offset[2]:  576, xstate_sizes[2]:  256
[    0.000000] x86/fpu: Supporting XSAVE feature 0x01: 'x87 floating point registers'
[    0.000000] x86/fpu: Supporting XSAVE feature 0x02: 'SSE registers'
[    0.000000] x86/fpu: Supporting XSAVE feature 0x04: 'AVX registers'
[    0.000000] x86/fpu: Enabled xstate features 0x7, context size is 832 bytes, using 'standard' format.
[    0.000000] e820: BIOS-provided physical RAM map:
[    0.000000] BIOS-e820: [mem 0x0000000000000000-0x000000000009fbff] usable
[    0.000000] BIOS-e820: [mem 0x000000000009fc00-0x000000000009ffff] reserved
[    0.000000] BIOS-e820: [mem 0x00000000000f0000-0x00000000000fffff] reserved
[    0.000000] BIOS-e820: [mem 0x0000000000100000-0x000000003ffeffff] usable
[    0.000000] BIOS-e820: [mem 0x000000003fff0000-0x000000003fffffff] ACPI data
[    0.000000] BIOS-e820: [mem 0x00000000fec00000-0x00000000fec00fff] reserved
[    0.000000] BIOS-e820: [mem 0x00000000fee00000-0x00000000fee00fff] reserved
[    0.000000] BIOS-e820: [mem 0x00000000fffc0000-0x00000000ffffffff] reserved
[    0.000000] NX (Execute Disable) protection: active
[    0.000000] SMBIOS 2.5 present.
[    0.000000] Hypervisor detected: KVM
[    0.000000] e820: last_pfn = 0x3fff0 max_arch_pfn = 0x1000000
[    0.000000] MTRR: Disabled
[    0.000000] x86/PAT: MTRRs disabled, skipping PAT initialization too.
[    0.000000] CPU MTRRs all blank - virtualized system.
[    0.000000] x86/PAT: Configuration [0-7]: WB  WT  UC- UC  WB  WT  UC- UC  
[    0.000000] found SMP MP-table at [mem 0x0009fff0-0x0009ffff] mapped at [c009fff0]
[    0.000000] Scanning 1 areas for low memory corruption
[    0.000000] RAMDISK: [mem 0x363a8000-0x371cbfff]
[    0.000000] ACPI: Early table checksum verification disabled
[    0.000000] ACPI: RSDP 0x00000000000E0000 000024 (v02 VBOX  )
[    0.000000] ACPI: XSDT 0x000000003FFF0030 00003C (v01 VBOX   VBOXXSDT 00000001 ASL  00000061)
[    0.000000] ACPI: FACP 0x000000003FFF00F0 0000F4 (v04 VBOX   VBOXFACP 00000001 ASL  00000061)
[    0.000000] ACPI: DSDT 0x000000003FFF0470 002325 (v02 VBOX   VBOXBIOS 00000002 INTL 20100528)
[    0.000000] ACPI: FACS 0x000000003FFF0200 000040
[    0.000000] ACPI: FACS 0x000000003FFF0200 000040
[    0.000000] ACPI: APIC 0x000000003FFF0240 00005C (v02 VBOX   VBOXAPIC 00000001 ASL  00000061)
[    0.000000] ACPI: SSDT 0x000000003FFF02A0 0001CC (v01 VBOX   VBOXCPUT 00000002 INTL 20100528)
[    0.000000] 131MB HIGHMEM available.
[    0.000000] 891MB LOWMEM available.
[    0.000000]   mapped low ram: 0 - 37bfe000
[    0.000000]   low ram: 0 - 37bfe000
[    0.000000] kvm-clock: Using msrs 4b564d01 and 4b564d00
[    0.000000] kvm-clock: cpu 0, msr 0:37bfd001, primary cpu clock
[    0.000000] kvm-clock: using sched offset of 10307339002 cycles
[    0.000000] clocksource: kvm-clock: mask: 0xffffffffffffffff max_cycles: 0x1cd42e4dffb, max_idle_ns: 881590591483 ns
[    0.000000] Zone ranges:
[    0.000000]   DMA      [mem 0x0000000000001000-0x0000000000ffffff]
[    0.000000]   Normal   [mem 0x0000000001000000-0x0000000037bfdfff]
[    0.000000]   HighMem  [mem 0x0000000037bfe000-0x000000003ffeffff]
[    0.000000] Movable zone start for each node
[    0.000000] Early memory node ranges
[    0.000000]   node   0: [mem 0x0000000000001000-0x000000000009efff]
[    0.000000]   node   0: [mem 0x0000000000100000-0x000000003ffeffff]
[    0.000000] Initmem setup node 0 [mem 0x0000000000001000-0x000000003ffeffff]
[    0.000000] Using APIC driver default
[    0.000000] ACPI: PM-Timer IO Port: 0x4008
[    0.000000] IOAPIC[0]: apic_id 2, version 32, address 0xfec00000, GSI 0-23
[    0.000000] ACPI: INT_SRC_OVR (bus 0 bus_irq 0 global_irq 2 dfl dfl)
[    0.000000] ACPI: INT_SRC_OVR (bus 0 bus_irq 9 global_irq 9 low level)
[    0.000000] Using ACPI (MADT) for SMP configuration information
[    0.000000] smpboot: Allowing 2 CPUs, 0 hotplug CPUs
[    0.000000] PM: Registered nosave memory: [mem 0x00000000-0x00000fff]
[    0.000000] PM: Registered nosave memory: [mem 0x0009f000-0x0009ffff]
[    0.000000] PM: Registered nosave memory: [mem 0x000a0000-0x000effff]
[    0.000000] PM: Registered nosave memory: [mem 0x000f0000-0x000fffff]
[    0.000000] e820: [mem 0x40000000-0xfebfffff] available for PCI devices
[    0.000000] Booting paravirtualized kernel on KVM
[    0.000000] clocksource: refined-jiffies: mask: 0xffffffff max_cycles: 0xffffffff, max_idle_ns: 7645519600211568 ns
[    0.000000] setup_percpu: NR_CPUS:8 nr_cpumask_bits:8 nr_cpu_ids:2 nr_node_ids:1
[    0.000000] PERCPU: Embedded 18 pages/cpu @f6384000 s43276 r0 d30452 u73728
[    0.000000] Built 1 zonelists in Zone order, mobility grouping on.  Total pages: 259800
[    0.000000] Kernel command line: BOOT_IMAGE=/boot/vmlinuz-4.4.0-194-generic root=LABEL=cloudimg-rootfs ro console=tty1 console=ttyS0
[    0.000000] PID hash table entries: 4096 (order: 2, 16384 bytes)
[    0.000000] Dentry cache hash table entries: 131072 (order: 7, 524288 bytes)
[    0.000000] Inode-cache hash table entries: 65536 (order: 6, 262144 bytes)
[    0.000000] Initializing CPU#0
[    0.000000] Initializing HighMem for node 0 (00037bfe:0003fff0)
[    0.000000] Initializing Movable for node 0 (00000000:00000000)
[    0.000000] Memory: 1008216K/1048120K available (8149K kernel code, 790K rwdata, 3212K rodata, 940K init, 788K bss, 39904K reserved, 0K cma-reserved, 135112K highmem)
[    0.000000] virtual kernel memory layout:
[    0.000000]     fixmap  : 0xfff15000 - 0xfffff000   ( 936 kB)
[    0.000000]     pkmap   : 0xffc00000 - 0xffe00000   (2048 kB)
[    0.000000]     vmalloc : 0xf83fe000 - 0xffbfe000   ( 120 MB)
[    0.000000]     lowmem  : 0xc0000000 - 0xf7bfe000   ( 891 MB)
[    0.000000]       .init : 0xc1be1000 - 0xc1ccc000   ( 940 kB)
[    0.000000]       .data : 0xc17f5878 - 0xc1bdfac0   (4008 kB)
[    0.000000]       .text : 0xc1000000 - 0xc17f5878   (8150 kB)
[    0.000000] Checking if this processor honours the WP bit even in supervisor mode...Ok.
[    0.000000] SLUB: HWalign=64, Order=0-3, MinObjects=0, CPUs=2, Nodes=1
[    0.000000] Hierarchical RCU implementation.
[    0.000000] 	Build-time adjustment of leaf fanout to 32.
[    0.000000] 	RCU restricting CPUs from NR_CPUS=8 to nr_cpu_ids=2.
[    0.000000] RCU: Adjusting geometry for rcu_fanout_leaf=32, nr_cpu_ids=2
[    0.000000] NR_IRQS:2304 nr_irqs:440 16
[    0.000000] Console: colour VGA+ 80x25
[    0.000000] console [tty1] enabled
[    0.000000] console [ttyS0] enabled
[    0.000000] allocated 1048576 bytes of page_ext
[    0.000000] tsc: Detected 2399.996 MHz processor
[    3.673230] Calibrating delay loop (skipped) preset value.. 4799.99 BogoMIPS (lpj=9599984)
[    3.718623] pid_max: default: 32768 minimum: 301
[    3.741204] ACPI: Core revision 20150930
[    3.764832] ACPI: 2 ACPI AML tables successfully acquired and loaded
[    3.799202] Security Framework initialized
[    3.820751] Yama: becoming mindful.
[    3.843140] AppArmor: AppArmor initialized
[    3.864523] Mount-cache hash table entries: 2048 (order: 1, 8192 bytes)
[    3.894628] Mountpoint-cache hash table entries: 2048 (order: 1, 8192 bytes)
[    3.925365] Initializing cgroup subsys io
[    3.952692] Initializing cgroup subsys memory
[    3.976461] Initializing cgroup subsys devices
[    4.005291] Initializing cgroup subsys freezer
[    4.027106] Initializing cgroup subsys net_cls
[    4.051123] Initializing cgroup subsys perf_event
[    4.073741] Initializing cgroup subsys net_prio
[    4.096756] Initializing cgroup subsys hugetlb
[    4.117894] Initializing cgroup subsys pids
[    4.142900] mce: CPU supports 0 MCE banks
[    4.167080] Last level iTLB entries: 4KB 64, 2MB 8, 4MB 8
[    4.194474] Last level dTLB entries: 4KB 64, 2MB 0, 4MB 0, 1GB 4
[    4.220870] Spectre V1 : Mitigation: usercopy/swapgs barriers and __user pointer sanitization
[    4.258396] Spectre V2 : Mitigation: Full generic retpoline
[    4.284563] Spectre V2 : Spectre v2 / SpectreRSB mitigation: Filling RSB on context switch
[    4.323414] Speculative Store Bypass: Vulnerable
[    4.367050] SRBDS: Unknown: Dependent on hypervisor status
[    4.395182] MDS: Vulnerable: Clear CPU buffers attempted, no microcode
[    4.532211] Freeing SMP alternatives memory: 36K
[    4.787170] ftrace: allocating 31633 entries in 62 pages
[    6.146881] smpboot: APIC(0) Converting physical 0 to logical package 0
[    6.206005] smpboot: Max logical packages: 1
[    6.251746] Enabling APIC mode:  Flat.  Using 1 I/O APICs
[    6.307296] ..TIMER: vector=0x30 apic1=0 pin1=2 apic2=-1 pin2=-1
[    6.470630] APIC calibration not consistent with PM-Timer: 111ms instead of 100ms
[    6.509609] APIC delta adjusted to PM-Timer: 6299364 (7051901)
[    6.536993] smpboot: CPU0: Intel(R) Core(TM) i5-6200U CPU @ 2.30GHz (family: 0x6, model: 0x4e, stepping: 0x3)
[    6.593150] Performance Events: unsupported p6 CPU model 78 no PMU driver, software events only.
[    6.832562] KVM setup paravirtual spinlock
[    6.855875] x86: Booting SMP configuration:
[    6.877601] .... node  #0, CPUs:      #1
[1266874879.402212] Initializing CPU#1
[    7.023671] kvm-clock: cpu 1, msr 0:37bfd041, secondary cpu clock
[    7.170373] mce: CPU supports 0 MCE banks
[    7.412000] x86: Booted up 1 node, 2 CPUs
[    7.453849] smpboot: Total of 2 processors activated (9599.98 BogoMIPS)
[    7.507400] devtmpfs: initialized
[    7.535085] evm: security.selinux
[    7.558610] evm: security.SMACK64
[    7.583232] evm: security.SMACK64EXEC
[    7.612590] evm: security.SMACK64TRANSMUTE
[    7.641836] evm: security.SMACK64MMAP
[    7.662490] evm: security.ima
[    7.681706] evm: security.capability
[    7.705067] clocksource: jiffies: mask: 0xffffffff max_cycles: 0xffffffff, max_idle_ns: 7645041785100000 ns
[    7.768999] futex hash table entries: 512 (order: 3, 32768 bytes)
[    7.801713] pinctrl core: initialized pinctrl subsystem
[    7.827178] RTC time:  3:31:36, date: 11/20/20
[    7.855860] NET: Registered protocol family 16
[    7.879458] EISA bus registered
[    7.911143] cpuidle: using governor ladder
[    7.944761] cpuidle: using governor menu
[    7.966801] PCCT header not found.
[    7.985862] ACPI: bus type PCI registered
[    8.007304] acpiphp: ACPI Hot Plug PCI Controller Driver version: 0.5
[    8.040038] PCI : PCI BIOS area is rw and x. Use pci=nobios if you want it NX.
[    8.081078] PCI: PCI BIOS revision 2.10 entry at 0xfda26, last bus=0
[    8.111795] PCI: Using configuration type 1 for base access
[    8.163228] ACPI: Added _OSI(Module Device)
[    8.189821] ACPI: Added _OSI(Processor Device)
[    8.212288] ACPI: Added _OSI(3.0 _SCP Extensions)
[    8.235726] ACPI: Added _OSI(Processor Aggregator Device)
[    8.272706] ACPI: Executed 1 blocks of module-level executable AML code
[    8.607453] ACPI: Interpreter enabled
[    8.644049] ACPI: (supports S0 S5)
[    8.671555] ACPI: Using IOAPIC for interrupt routing
[    8.724146] PCI: Using host bridge windows from ACPI; if necessary, use "pci=nocrs" and report a bug
[    8.806398] ACPI: PCI Root Bridge [PCI0] (domain 0000 [bus 00-ff])
[    8.842009] acpi PNP0A03:00: _OSC: OS supports [ASPM ClockPM Segments MSI]
[    8.878568] acpi PNP0A03:00: _OSC: not requesting OS control; OS requires [ExtendedConfig ASPM ClockPM MSI]
[    8.931735] acpi PNP0A03:00: fail to add MMCONFIG information, can't access extended PCI configuration space under this bridge.
[    8.993719] PCI host bridge to bus 0000:00
[    9.018269] pci_bus 0000:00: root bus resource [io  0x0000-0x0cf7 window]
[    9.050104] pci_bus 0000:00: root bus resource [io  0x0d00-0xffff window]
[    9.092864] pci_bus 0000:00: root bus resource [mem 0x000a0000-0x000bffff window]
[    9.136984] pci_bus 0000:00: root bus resource [mem 0x40000000-0xfdffffff window]
[    9.179783] pci_bus 0000:00: root bus resource [bus 00-ff]
[    9.250579] pci 0000:00:01.1: legacy IDE quirk: reg 0x10: [io  0x01f0-0x01f7]
[    9.287958] pci 0000:00:01.1: legacy IDE quirk: reg 0x14: [io  0x03f6]
[    9.318408] pci 0000:00:01.1: legacy IDE quirk: reg 0x18: [io  0x0170-0x0177]
[    9.359443] pci 0000:00:01.1: legacy IDE quirk: reg 0x1c: [io  0x0376]
[    9.663332] pci 0000:00:07.0: quirk: [io  0x4000-0x403f] claimed by PIIX4 ACPI
[    9.747106] pci 0000:00:07.0: quirk: [io  0x4100-0x410f] claimed by PIIX4 SMB
[   10.072636] ACPI: PCI Interrupt Link [LNKA] (IRQs 5 9 10 *11)
[   10.122979] ACPI: PCI Interrupt Link [LNKB] (IRQs 5 9 *10 11)
[   10.174503] ACPI: PCI Interrupt Link [LNKC] (IRQs 5 *9 10 11)
[   10.222770] ACPI: PCI Interrupt Link [LNKD] (IRQs 5 9 10 *11)
[   10.273388] ACPI: Enabled 2 GPEs in block 00 to 07
[   10.308443] vgaarb: setting as boot device: PCI:0000:00:02.0
[   10.342502] vgaarb: device added: PCI:0000:00:02.0,decodes=io+mem,owns=io+mem,locks=none
[   10.394364] vgaarb: loaded
[   10.412703] vgaarb: bridge control possible 0000:00:02.0
[   10.439851] SCSI subsystem initialized
[   10.462189] ACPI: bus type USB registered
[   10.485910] usbcore: registered new interface driver usbfs
[   10.516435] usbcore: registered new interface driver hub
[   10.542179] usbcore: registered new device driver usb
[   10.570337] PCI: Using ACPI for IRQ routing
[   10.595728] NetLabel: Initializing
[   10.616269] NetLabel:  domain hash size = 128
[   10.654727] NetLabel:  protocols = UNLABELED CIPSOv4
[   10.678209] NetLabel:  unlabeled traffic allowed by default
[   10.711341] amd_nb: Cannot enumerate AMD northbridges
[   10.736376] clocksource: Switched to clocksource kvm-clock
[   10.785358] AppArmor: AppArmor Filesystem Enabled
[   10.807596] pnp: PnP ACPI init
[   10.830658] pnp: PnP ACPI: found 3 devices
[   10.850512] PnPBIOS: Disabled by ACPI PNP
[   11.063612] clocksource: acpi_pm: mask: 0xffffff max_cycles: 0xffffff, max_idle_ns: 2085701024 ns
[   11.144695] NET: Registered protocol family 2
[   11.175417] TCP established hash table entries: 8192 (order: 3, 32768 bytes)
[   11.256088] TCP bind hash table entries: 8192 (order: 4, 65536 bytes)
[   11.286884] TCP: Hash tables configured (established 8192 bind 8192)
[   11.315304] UDP hash table entries: 512 (order: 2, 16384 bytes)
[   11.353463] UDP-Lite hash table entries: 512 (order: 2, 16384 bytes)
[   11.385326] NET: Registered protocol family 1
[   11.406961] pci 0000:00:00.0: Limiting direct PCI/PCI transfers
[   11.434073] pci 0000:00:01.0: Activating ISA DMA hang workarounds
[   11.462656] Unpacking initramfs...
[   12.091722] Freeing initrd memory: 14480K
[   12.124611] clocksource: tsc: mask: 0xffffffffffffffff max_cycles: 0x229833f6470, max_idle_ns: 440795327230 ns
[   12.421660] platform rtc_cmos: registered platform RTC device (no PNP device found)
[   12.472381] Scanning for low memory corruption every 60 seconds
[   12.511691] audit: initializing netlink subsys (disabled)
[   12.541238] audit: type=2000 audit(1605843105.300:1): initialized
[   12.595143] Initialise system trusted keyring
[   12.625311] HugeTLB registered 2 MB page size, pre-allocated 0 pages
[   12.663778] zbud: loaded
[   12.684027] VFS: Disk quotas dquot_6.6.0
[   12.707518] VFS: Dquot-cache hash table entries: 1024 (order 0, 4096 bytes)
[   12.742353] squashfs: version 4.0 (2009/01/31) Phillip Lougher
[   12.774161] fuse init (API version 7.23)
[   12.799578] Key type big_key registered
[   12.823034] Allocating IMA MOK and blacklist keyrings.
[   12.884207] Key type asymmetric registered
[   12.908844] Asymmetric key parser 'x509' registered
[   12.934742] bounce: pool size: 64 pages
[   12.958818] Block layer SCSI generic (bsg) driver version 0.4 loaded (major 249)
[   13.002192] io scheduler noop registered
[   13.028179] io scheduler deadline registered (default)
[   13.059391] io scheduler cfq registered
[   13.086329] pci_hotplug: PCI Hot Plug PCI Core version: 0.5
[   13.117097] pciehp: PCI Express Hot Plug Controller Driver version: 0.4
[   13.152432] ACPI: AC Adapter [AC] (on-line)
[   13.183573] input: Power Button as /devices/LNXSYSTM:00/LNXPWRBN:00/input/input0
[   13.224665] ACPI: Power Button [PWRF]
[   13.244397] input: Sleep Button as /devices/LNXSYSTM:00/LNXSLPBN:00/input/input1
[   13.284619] ACPI: Sleep Button [SLPF]
[   13.306847] GHES: HEST is not enabled!
[   13.329456] isapnp: Scanning for PnP cards...
[   13.329751] Serial: 8250/16550 driver, 32 ports, IRQ sharing enabled
[   13.436699] 00:02: ttyS0 at I/O 0x3f8 (irq = 4, base_baud = 115200) is a 16550A
[   13.492940] Linux agpgart interface v0.103
[   13.794114] loop: module loaded
[   13.955571] scsi host0: ata_piix
[   14.102989] scsi host1: ata_piix
[   14.241806] ata1: PATA max UDMA/33 cmd 0x1f0 ctl 0x3f6 bmdma 0xd000 irq 14
[   14.376261] isapnp: No Plug & Play device found
[   14.444766] ata2: PATA max UDMA/33 cmd 0x170 ctl 0x376 bmdma 0xd008 irq 15
[   14.483510] libphy: Fixed MDIO Bus: probed
[   14.515956] tun: Universal TUN/TAP device driver, 1.6
[   14.583861] tun: (C) 1999-2004 Max Krasnyansky <maxk@qualcomm.com>
[   14.648597] PPP generic driver version 2.4.2
[   14.782214] ehci_hcd: USB 2.0 'Enhanced' Host Controller (EHCI) Driver
[   14.812899] ehci-pci: EHCI PCI platform driver
[   14.836074] ehci-platform: EHCI generic platform driver
[   14.859476] ohci_hcd: USB 1.1 'Open' Host Controller (OHCI) Driver
[   14.887607] ohci-pci: OHCI PCI platform driver
[   14.910224] ohci-platform: OHCI generic platform driver
[   14.934305] uhci_hcd: USB Universal Host Controller Interface driver
[   14.961705] i8042: PNP: PS/2 Controller [PNP0303:PS2K,PNP0f03:PS2M] at 0x60,0x64 irq 1,12
[   15.009465] serio: i8042 KBD port at 0x60,0x64 irq 1
[   15.033239] serio: i8042 AUX port at 0x60,0x64 irq 12
[   15.054934] mousedev: PS/2 mouse device common for all mice
[   15.089760] rtc_cmos rtc_cmos: rtc core: registered rtc_cmos as rtc0
[   15.121702] input: AT Translated Set 2 keyboard as /devices/platform/i8042/serio0/input/input2
[   15.165337] rtc_cmos rtc_cmos: alarms up to one day, 114 bytes nvram
[   15.198098] i2c /dev entries driver
[   15.219293] device-mapper: uevent: version 1.0.3
[   15.244712] device-mapper: ioctl: 4.34.0-ioctl (2015-10-28) initialised: dm-devel@redhat.com
[   15.294095] platform eisa.0: Probing EISA bus 0
[   15.326357] platform eisa.0: EISA: Cannot allocate resource for mainboard
[   15.374506] platform eisa.0: Cannot allocate resource for EISA slot 1
[   15.405061] platform eisa.0: Cannot allocate resource for EISA slot 2
[   15.432207] platform eisa.0: Cannot allocate resource for EISA slot 3
[   15.463160] platform eisa.0: Cannot allocate resource for EISA slot 4
[   15.492816] platform eisa.0: Cannot allocate resource for EISA slot 5
[   15.521948] platform eisa.0: Cannot allocate resource for EISA slot 6
[   15.550565] platform eisa.0: Cannot allocate resource for EISA slot 7
[   15.578429] platform eisa.0: Cannot allocate resource for EISA slot 8
[   15.606181] platform eisa.0: EISA: Detected 0 cards
[   15.629059] cpufreq-nforce2: No nForce2 chipset.
[   15.651510] ledtrig-cpu: registered to indicate activity on CPUs
[   15.679608] NET: Registered protocol family 10
[   15.704573] NET: Registered protocol family 17
[   15.852767] Key type dns_resolver registered
[   15.914445] Using IPI No-Shortcut mode
[   15.937481] registered taskstats version 1
[   15.958399] Loading compiled-in X.509 certificates
[   15.984575] Loaded X.509 cert 'Build time autogenerated kernel key: 961452f984b9879a4b76cdea32a11376caed77cf'
[   16.029284] zswap: loaded using pool lzo/zbud
[   16.064652] Key type trusted registered
[   16.111511] Key type encrypted registered
[   16.133191] AppArmor: AppArmor sha1 policy hashing enabled
[   16.193056] ima: No TPM chip found, activating TPM-bypass!
[   16.223420] ima: Allocated hash algorithm: sha1
[   16.266298] evm: HMAC attrs: 0x1
[   16.297804]   Magic number: 12:327:513
[   16.322242]   hash matches /build/linux-pv9wxm/linux-4.4.0/drivers/base/power/main.c:740
[   16.381681] rtc_cmos rtc_cmos: setting system clock to 2020-11-20 03:31:46 UTC (1605843106)
[   16.423731] BIOS EDD facility v0.16 2004-Jun-25, 0 devices found
[   16.448853] EDD information not available.
[   16.477469] Freeing unused kernel memory: 940K
[   16.500306] Write protecting the kernel text: 8152k
[   16.525209] Write protecting the kernel read-only data: 3216k
[   16.551572] NX-protecting the kernel data: 6184k
Loading, please wait...
starting version[   16.647323] random: systemd-udevd: uninitialized urandom read (16 bytes read, 8 bits of entropy available)
 229
[   16.649081] random: udevadm: uninitialized urandom read (16 bytes read, 8 bits of entropy available)
[   16.677319] random: udevadm: uninitialized urandom read (16 bytes read, 8 bits of entropy available)
[   16.677418] random: udevadm: uninitialized urandom read (16 bytes read, 8 bits of entropy available)
[   16.677937] random: udevadm: uninitialized urandom read (16 bytes read, 8 bits of entropy available)
[   16.678083] random: udevadm: uninitialized urandom read (16 bytes read, 8 bits of entropy available)
[   16.678276] random: udevadm: uninitialized urandom read (16 bytes read, 8 bits of entropy available)
[   16.678375] random: udevadm: uninitialized urandom read (16 bytes read, 8 bits of entropy available)
[   16.678473] random: udevadm: uninitialized urandom read (16 bytes read, 8 bits of entropy available)
[   16.678572] random: udevadm: uninitialized urandom read (16 bytes read, 8 bits of entropy available)
[   18.068708] e1000: Intel(R) PRO/1000 Network Driver - version 7.3.21-k8-NAPI
[   18.291476] e1000: Copyright (c) 1999-2006 Intel Corporation.
[   18.469677] Fusion MPT base driver 3.04.20
[   18.594407] Copyright (c) 1999-2008 LSI Corporation
[   18.938447] input: ImExPS/2 Generic Explorer Mouse as /devices/platform/i8042/serio1/input/input4
[   19.257001] Fusion MPT SPI Host driver 3.04.20
[   21.090751] e1000 0000:00:03.0 eth0: (PCI:33MHz:32-bit) 02:d3:b7:85:6d:d8
[   21.124376] e1000 0000:00:03.0 eth0: Intel(R) PRO/1000 Network Connection
[   21.166758] mptbase: ioc0: Initiating bringup
[   21.256058] ioc0: LSI53C1030 A0: Capabilities={Initiator}
[   21.473678] scsi host2: ioc0: LSI53C1030 A0, FwRev=00000000h, Ports=1, MaxQ=256, IRQ=20
[   21.630479] scsi 2:0:0:0: Direct-Access     VBOX     HARDDISK         1.0  PQ: 0 ANSI: 5
[   21.771353] scsi target2:0:0: Beginning Domain Validation
[   21.896047] scsi target2:0:0: Domain Validation skipping write tests
[   22.221692] scsi target2:0:0: Ending Domain Validation
[   22.415628] scsi target2:0:0: asynchronous
[   22.615099] scsi 2:0:1:0: Direct-Access     VBOX     HARDDISK         1.0  PQ: 0 ANSI: 5
[   22.960443] scsi target2:0:1: Beginning Domain Validation
[   23.211110] scsi target2:0:1: Domain Validation skipping write tests
[   23.382150] scsi target2:0:1: Ending Domain Validation
[   23.619274] scsi target2:0:1: asynchronous
[   23.795471] sd 2:0:0:0: Attached scsi generic sg0 type 0
[   23.887384] e1000 0000:00:08.0 eth1: (PCI:33MHz:32-bit) 08:00:27:25:fe:83
[   23.887390] e1000 0000:00:08.0 eth1: Intel(R) PRO/1000 Network Connection
[   24.069417] e1000 0000:00:03.0 enp0s3: renamed from eth0
[   24.144069] sd 2:0:0:0: [sda] 20971520 512-byte logical blocks: (10.7 GB/10.0 GiB)
[   24.145121] sd 2:0:1:0: Attached scsi generic sg1 type 0
[   24.146685] sd 2:0:1:0: [sdb] 20480 512-byte logical blocks: (10.5 MB/10.0 MiB)
[   24.149036] sd 2:0:1:0: [sdb] Write Protect is off
[   24.150059] sd 2:0:1:0: [sdb] Incomplete mode parameter data
[   24.150061] sd 2:0:1:0: [sdb] Assuming drive cache: write through
[   24.167760] sd 2:0:1:0: [sdb] Attached SCSI disk
[   24.434925] sd 2:0:0:0: [sda] Write Protect is off
[   24.477000] e1000 0000:00:08.0 enp0s8: renamed from eth1
[   24.483355] sd 2:0:0:0: [sda] Incomplete mode parameter data
[   24.483458] sd 2:0:0:0: [sda] Assuming drive cache: write through
[   24.498452]  sda: sda1
[   24.510233] sd 2:0:0:0: [sda] Attached SCSI disk
Begin: Loading essential drivers ... [   33.368750] md: linear personality registered for level -1
[   33.435274] md: multipath personality registered for level -4
[   33.510128] md: raid0 personality registered for level 0
[   33.621576] md: raid1 personality registered for level 1
[   33.784183] raid6: mmxx1    gen()  2051 MB/s
[   33.897258] raid6: mmxx2    gen()  2206 MB/s
[   34.013109] raid6: sse1x1   gen()  2713 MB/s
[   34.271341] raid6: sse1x2   gen()  8346 MB/s
[   34.493224] raid6: sse2x1   gen() 13604 MB/s
[   34.598153] raid6: sse2x1   xor()  3228 MB/s
[   34.781082] raid6: sse2x2   gen()  6346 MB/s
[   34.953175] raid6: sse2x2   xor()  3031 MB/s
[   35.116123] raid6: avx2x1   gen()  5687 MB/s
[   35.226336] raid6: avx2x2   gen()  7771 MB/s
[   35.286745] raid6: using algorithm sse2x1 gen() 13604 MB/s
[   35.339207] raid6: .... xor() 3228 MB/s, rmw enabled
[   35.403666] raid6: using avx2x1 recovery algorithm
[   35.458916] xor: automatically using best checksumming function:
[   35.529058]    avx       : 11382.000 MB/sec
[   35.558064] async_tx: api initialized (async)
[   35.752992] md: raid6 personality registered for level 6
[   35.785182] md: raid5 personality registered for level 5
[   35.817508] md: raid4 personality registered for level 4
[   35.917390] md: raid10 personality registered for level 10
done.
Begin: Running /scripts/init-premount ... done.
Begin: Mounting root file system ... Begin: Running /scripts/local-top ... done.
Begin: Running /scripts/local-premount ... [   36.223843] Btrfs loaded
Scanning for Btrfs filesystems
done.
Warning: fsck not present, so skipping root file system
[   36.525806] EXT4-fs (sda1): mounted filesystem with ordered data mode. Opts: (null)
done.
Begin: Running /scripts/local-bottom ... done.
Begin: Running /scripts/init-bottom ... done.
[   37.070300] systemd[1]: systemd 229 running in system mode. (+PAM +AUDIT +SELINUX +IMA +APPARMOR +SMACK +SYSVINIT +UTMP +LIBCRYPTSETUP +GCRYPT +GNUTLS +ACL +XZ -LZ4 +SECCOMP +BLKID +ELFUTILS +KMOD -IDN)
[   37.162481] systemd[1]: Detected virtualization oracle.
[   37.185581] systemd[1]: Detected architecture x86.
[   37.229676] random: nonblocking pool is initialized

Welcome to [1mUbuntu 16.04.7 LTS[0m!

[   37.272375] systemd[1]: Set hostname to <ubuntu>.
[   37.306861] systemd[1]: Initializing machine ID from random generator.
[   37.337248] systemd[1]: Installed transient /etc/machine-id file.
[   37.942080] systemd[1]: Reached target Encrypted Volumes.
[[0;32m  OK  [0m] Reached target Encrypted Volumes.
[   37.981574] systemd[1]: Listening on Journal Socket.
[[0;32m  OK  [0m] Listening on Journal Socket.
[   38.028363] systemd[1]: Reached target Swap.
[[0;32m  OK  [0m] Reached target Swap.
[   38.069445] systemd[1]: Started Trigger resolvconf update for networkd DNS.
[[0;32m  OK  [0m] Started Trigger resolvconf update for networkd DNS.
[   38.128343] systemd[1]: Started Forward Password Requests to Wall Directory Watch.
[[0;32m  OK  [0m] Started Forward Password Requests to Wall Directory Watch.
[   38.193227] systemd[1]: Set up automount Arbitrary Executable File Formats File System Automount Point.
[[0;32m  OK  [0m] Set up automount Arbitrary Executab...ats File System Automount Point.
[   38.267282] systemd[1]: Reached target System Time Synchronized.
[[0;32m  OK  [0m] Reached target System Time Synchronized.
[   38.319465] systemd[1]: Created slice User and Session Slice.
[[0;32m  OK  [0m] Created slice User and Session Slice.
[   38.389526] systemd[1]: Listening on udev Control Socket.
[[0;32m  OK  [0m] Listening on udev Control Socket.
[   38.435770] systemd[1]: Listening on LVM2 metadata daemon socket.
[[0;32m  OK  [0m] Listening on LVM2 metadata daemon socket.
[   38.488102] systemd[1]: Listening on Journal Audit Socket.
[[0;32m  OK  [0m] Listening on Journal Audit Socket.
[   38.534572] systemd[1]: Created slice System Slice.
[[0;32m  OK  [0m] Created slice System Slice.
[   38.579743] systemd[1]: Reached target Slices.
[[0;32m  OK  [0m] Reached target Slices.
[   38.641046] systemd[1]: Starting Load Kernel Modules...
         Starting Load Kernel Modules...
[   38.829340] Loading iSCSI transport class v2.0-870.
[   38.873441] systemd[1]: Starting Uncomplicated firewall...
         Starting Uncomplicated firewall...
[   39.136151] systemd[1]: Starting Remount Root and Kernel File Systems...
[   39.436261] iscsi: registered transport (tcp)
         Starting Remount Root and Kernel File Systems...
[   39.479408] EXT4-fs (sda1): re-mounted. Opts: (null)
[   39.738644] systemd[1]: Mounting Huge Pages File System...
         Mounting Huge Pages File System...
[   40.051068] systemd[1]: Starting Create list of required static device nodes for the current kernel...
         Starting Create list of required st... nodes for the current kernel...
[   40.320698] systemd[1]: Mounting Debug File System...
         Mounting Debug File System...
[   40.420948] systemd[1]: Mounting POSIX Message Queue File System...
         Mounting POSIX Message Queue File System...
[   40.757673] systemd[1]: Starting Nameserver information manager...
         Startin[   41.051199] iscsi: registered transport (iser)
g Nameserver information manager...
[   41.146374] systemd[1]: Listening on Device-mapper event daemon FIFOs.
[[0;32m  OK  [0m] Listening on Device-mapper event daemon FIFOs.
[   41.321219] systemd[1]: Starting Monitoring of LVM2 mirrors, snapshots etc. using dmeventd or progress polling...
         Starting Monitoring of LVM2 mirrors... dmeventd or progress polling...
[   41.426296] systemd[1]: Listening on Journal Socket (/dev/log).
[[0;32m  OK  [0m] Listening on Journal Socket (/dev/log).
[   41.469755] systemd[1]: Created slice system-serial\x2dgetty.slice.
[[0;32m  OK  [0m] Created slice system-serial\x2dgetty.slice.
[   41.518061] systemd[1]: Listening on udev Kernel Socket.
[[0;32m  OK  [0m] Listening on udev Kernel Socket.
[   41.553124] systemd[1]: Listening on Syslog Socket.
[[0;32m  OK  [0m] Listening on Syslog Socket.
[   41.597286] systemd[1]: Starting Journal Service...
         Starting Journal Service...
[   41.655454] systemd[1]: Listening on LVM2 poll daemon socket.
[[0;32m  OK  [0m] Listening on LVM2 poll daemon socket.
[   41.699555] systemd[1]: Starting Set console keymap...
         Starting Set console keymap...
[   41.742938] systemd[1]: Listening on /dev/initctl Compatibility Named Pipe.
[[0;32m  OK  [0m] Listening on /dev/initctl Compatibility Named Pipe.
[   41.791363] systemd[1]: Reached target User and Group Name Lookups.
[[0;32m  OK  [0m] Reached target User and Group Name Lookups.
[   41.866384] systemd[1]: Mounted POSIX Message Queue File System.
[[0;32m  OK  [0m] Mounted POSIX Message Queue File System.
[   41.914699] systemd[1]: Mounted Debug File System.
[[0;32m  OK  [0m] Mounted Debug File System.
[   41.962866] systemd[1]: Mounted Huge Pages File System.
[[0;32m  OK  [0m] Mounted Huge Pages File System.
[   42.006481] systemd[1]: Started Journal Service.
[[0;32m  OK  [0m] Started Journal Service.
[[0;32m  OK  [0m] Started Load Kernel Modules.
[[0;32m  OK  [0m] Started Uncomplicated firewall.
[[0;32m  OK  [0m] Started Remount Root and Kernel File Systems.
[[0;32m  OK  [0m] Started Create list of required sta...ce nodes for the current kernel.
[[0;32m  OK  [0m] Started Set console keymap.
[[0;32m  OK  [0m] Started Nameserver information manager.
[[0;32m  OK  [0m] Started LVM2 metadata daemon.
         Starting Create Static Device Nodes in /dev...
         Starting udev Coldplug all Devices...
         Starting Load/Save Random Seed...
         Mounting FUSE Control File System...
         Starting Apply Kernel Variables...
         Starting Flush Journal to Persistent Storage...
[[0;32m  OK  [0m] Mounted FUSE Control File System.
[[0;32m  OK  [0m] Started Monitoring of LVM2 mirrors,...ng dmeventd or progress polling.
[[0;32m  OK  [0m] Started Create Static Device Nodes in /dev.
[[0;32m  OK  [0m] Started Load/Save Random Seed.
[[0;32m  OK  [0m] Started Apply Kernel Variables.
         Starting udev Kernel Device Manager...
[[0;32m  OK  [0m] Reached target Local File Systems (Pre).
[[0;32m  OK  [0m] Reached target Local File Systems.
         Starting Initial cloud-init job (pre-networking)...
         Starting LSB: AppArmor initialization...
         Starting Commit a transient machine-id on disk...
         Starting Tell Plymouth To Write Out Runtime Data...
         Starting Set console font and keymap...
[[0;32m  OK  [0m] Started udev Coldplug all Devices.
[[0;32m  OK  [0m] Started Commit a transient machine-id on disk.
[[0;32m  OK  [0m] Started Tell Plymouth To Write Out Runtime Data.
[[0;32m  OK  [0m] Started udev Kernel Device Manager.
[[0;32m  OK  [0m] Started Dispatch Password Requests to Console Directory Watch.
[[0;32m  OK  [0m] Started Flush Journal to Persistent Storage.
         Starting Create Volatile Files and Directories...
[[0;32m  OK  [0m] Started Create Volatile Files and Directories.
         Starting Update UTMP about System Boot/Shutdown...
[[0;32m  OK  [0m] Started Update UTMP about System Boot/Shutdown.
[[0;32m  OK  [0m] Found device /dev/ttyS0.
[[0;32m  OK  [0m] Listening on Load/Save RF Kill Switch Status /dev/rfkill Watch.
[[0;32m  OK  [0m] Started LSB: AppArmor initialization.
[   41.431753] cloud-init[461]: Cloud-init v. 20.3-2-g371b392c-0ubuntu1~16.04.1 running 'init-local' at Fri, 20 Nov 2020 03:32:17 +0000. Up 40.07 seconds.
         Starting Load AppArmor profiles managed internally by snapd...
[[0;32m  OK  [0m] Started Initial cloud-init job (pre-networking).
[[0;32m  OK  [0m] Started Load AppArmor profiles managed internally by snapd.
[[0;32m  OK  [0m] Reached target Network (Pre).
         Starting Raise network interfaces...
[[0;32m  OK  [0m] Started Raise network interfaces.
         Starting Initial cloud-init job (metadata service crawler)...
[[0;32m  OK  [0m] Reached target Network.
[[0;32m  OK  [0m] Started Set console font and keymap.
[[0;32m  OK  [0m] Created slice system-getty.slice.
[   61.664377] cloud-init[945]: Cloud-init v. 20.3-2-g371b392c-0ubuntu1~16.04.1 running 'init' at Fri, 20 Nov 2020 03:32:36 +0000. Up 58.98 seconds.
[[0;32m  OK  [0m] Started Initial cloud-init job (metadata service crawler).
[[0;32m  OK  [0m] Reached target Network is Online.
[   61.743692] cloud-init         Starting iSCSI initiator daemon (iscsid)...
[[0;32m  OK  [0m] Reached target System Initialization.
[945]: ci-info: ++++++++++++++++++++++++++++++++++++++Net device info+++++++++++++++++++++++++++++++++++++++
[   61.836894] [cloud-init[0;32m  OK  [0m[945]: ] ci-info: +--------+-------+----------------------------+---------------+--------+-------------------+Started Daily apt download activities.

[   61.842952] [cloud-init[0;32m  OK  [0m[945]: ] ci-info: | Device |   Up  |          Address           |      Mask     | Scope  |     Hw-Address    |Started Daily apt upgrade and clean activities.

[[0;32m  OK  [0m] Listening on UUID daemon activation socket.
[   61.886047] cloud-init[945]: ci-info: +--------+-------+----------------------------+---------------+--------+-------------------+
[   61.983133] cloud-init[945]: ci-info: | enp0s3 |  True |         10.0.2.15          | 255.255.255.0 | global | 02:d3:b7:85:6d:d8 |
[   61.987080] cloud-init[945]: ci-info: | enp0s3 |  True | fe80::d3:b7ff:fe85:6dd8/64 |       .       |  link  | 02:d3:b7:85:6d:d8 |
[   61.988142] cloud-init[945]: ci-info: | enp0s8 | False |             .              |       .       |   .    | 08:00:27:25:fe:83 |
[   61.988234] cloud-init[945]: ci-info: |   lo   |  True |         127.0.0.1          |   255.0.0.0   |  host  |         .         |
[[0;32m  OK  [0m] Started ACPI Events Check.
[[   61.988682] [0;32m  OK  [0mcloud-init] [945]: Reached target Paths.ci-info: |   lo   |  True |          ::1/128           |       .       |  host  |         .         |

[   62.137962] cloud-init[945]: ci-info: +--------+-------+----------------------------+---------------+--------+-------------------+
[   62.162657] cloud-init[945]: ci-info: +++++++++++++++++++++++++++Route IPv4 info++++++++++++++++++++++++++++
[   62.191156] cloud-init[945]: ci-info: +-------+-------------+----------+---------------+-----------+-------+
         Starting Socket activation for snappy daemon.
[   62.197115] cloud-init[945]: ci-info: | Route | Destination | Gateway  |    Genmask    | Interface | Flags |
[   62.222674] cloud-init[945]: ci-info: +-------+-------------+----------+---------------+-----------+-------+
[   62.224909] cloud-init[945]: ci-info: |   0   |   0.0.0.0   | 10.0.2.2 |    0.0.0.0    |   enp0s3  |   UG  |
[[0;32m  OK  [0m] Started Daily Cleanup of Temporary Directories.
[   62.225002] cloud-init[945]: ci-info: |   1   |   10.0.2.0  | 0.0.0.0  | 255.255.255.0 |   enp0s3  |   U   |
[[0;32m  OK  [0m] Listening on ACPID Listen Socket.
         [   62.305947] Starting LXD - unix socket.cloud-init
[945]: ci-info: +-------+-------------+----------+---------------+-----------+-------+
[   62.362163] cloud-init[945]: ci-info: +++++++++++++++++++Route IPv6 info+++++++++++++++++++
[   62.382742] cloud-init[945]: ci-info: +-------+-------------+---------+-----------+-------+
[[0;32m  OK  [0m] Listening on D-Bus System Message Bus Socket.
[   62.389050] cloud-init[945]: ci-info: | Route | Destination | Gateway | Interface | Flags |
[   62.438978] cloud-init[945]: ci-info: +-------+-------------+---------+-----------+-------+
[   62.456919] cloud-init[945]: ci-info: |   0   |  fe80::/64  |    ::   |   enp0s3  |   U   |
[[0;32m  OK  [0m] Started Message of the Day.
[[0;32m  OK  [0m] Reached target Timers.
[[0;32m  OK  [0m] Reached target Cloud-config availability.
[   62.547251] cloud-init[945]: ci-info: |   3   |   ff00::/8  |    ::   |   enp0s3  |   U   |
[   62.590654] cloud-init[945]: ci-info: +-------+-------------+---------+-----------+-------+
[   62.664949] cloud-init[945]: Generating public/private rsa key pair.
[   62.701515] cloud-init[945]: Your identification has been saved in /etc/ssh/ssh_host_rsa_key.
[[0;32m  OK  [0m] Listening on Socket activation for snappy daemon.[   62.774668] cloud-init[945]: Your public key has been saved in /etc/ssh/ssh_host_rsa_key.pub.

[   62.887200] cloud-init[945]: The key fingerprint is:
[[0;32m  OK  [0m[   62.909755] ] cloud-initListening on LXD - unix socket.[945]: 
SHA256:pESXKH02m7DwZtgYB+dn5KVrEEI4YQboLNfl/3lX/AM root@ubuntu-xenial
[   62.963213] cloud-init[945]: The key's randomart image is:
[[0;32m  OK  [0m] [   62.990766] Started iSCSI initiator daemon (iscsid).cloud-init
[945]: +---[RSA 2048]----+
[   62.990958] cloud-init[945]: |o.+++o+.o..      |
         Starting Login to default iSCSI targets...
[[0;32m  OK  [0m] Reached target Sockets.
[[0;32m  OK  [0m] Reached target Basic System.
[   63.041563] cloud-init[945]: |.oo +=*==o       |
         Starting Accounts Service...
[   63.109557] cloud-init[945]: |o  o %+=*+       |
[[   63.138819] [0;32m  OK  [0mcloud-init] [945]: Started ACPI event daemon.|.o. +.B*o.       |

[   63.168010] cloud-init[945]: |..   o..S      . |
[   63.185485] cloud-init[945]: |       ..    E  o|
[   63.220731] cloud-init[945]: |         . .  ...|
[   63.220795] cloud-init[945]: |          o . ...|
[   63.220841] cloud-init[945]: |           . .  .|
[   63.220895] cloud-init[945]: +----[SHA256]-----+
[   63.220939] cloud-init[945]: Generating public/private dsa key pair.
[   63.220985] cloud-init[945]: Your identification has been saved in /etc/ssh/ssh_host_dsa_key.
[   63.221028] cloud-init[945]: Your public key has been saved in /etc/ssh/ssh_host_dsa_key.pub.
[   63.221069] cloud-init[945]: The key fingerprint is:
[   63.221111] cloud-init[945]: SHA256:jtK0Wp6k82dwdtKogO6qblayLDqVzs1GAaJnay5jjPk root@ubuntu-xenial
[   63.221157] cloud-init[945]: The key's randomart image is:
[   63.221439] cloud-init[945]: +---[DSA 1024]----+
[   63.221513] cloud-init[945]: |                 |
[   63.221618] cloud-init[945]: |. .              |
[   63.221776] cloud-init[945]: |.. .             |
[   63.221828] cloud-init[945]: |. o .            |
[   63.221870] cloud-init[945]: | o + .. So       |
[   63.221911] cloud-init[945]: | .*.oo.+= o      |
[   63.221959] cloud-init[945]: |+O++..*=.o       |
[   63.222000] cloud-init[945]: |BB= =B..o        |
[   63.222042] cloud-init[945]: |%OE.oo+o         |
[   63.222083] cloud-init[945]: +----[SHA256]-----+
[   63.222140] cloud-init[945]: Generating public/private ecdsa key pair.
[   63.222253] cloud-init[945]: Your identification has been saved in /etc/ssh/ssh_host_ecdsa_key.
[   63.222312] cloud-init[945]: Your public key has been saved in /etc/ssh/ssh_host_ecdsa_key.pub.
[   63.222355] cloud-init[945]: The key fingerprint is:
[   63.222403] cloud-init[945]: SHA256:BS0tpM4lHEbqunhuz6viEfFdZCQa+2+phQwzaF1UIug root@ubuntu-xenial
[   63.222445] cloud-init[945]: The key's randomart image is:
[   63.222486] cloud-init[945]: +---[ECDSA 256]---+
[   63.222528] cloud-init[945]: |  .o =**oo       |
[   63.222573] cloud-init[945]: | .  *+=oo.o      |
[   63.222615] cloud-init[945]: |.. o..+..o.      |
[   63.222656] cloud-init[945]: | E=.+o.o .       |
[   63.222768] cloud-init[945]: | + *.oo S        |
[   63.222818] cloud-init[945]: |. ..= o .        |
[   63.222860] cloud-init[945]: | ..  o =         |
[   63.222901] cloud-init[945]: |..+o  +          |
[   63.222942] cloud-init[945]: |o*+o+o           |
[   63.222987] cloud-init[945]: +----[SHA256]-----+
[   63.223029] cloud-init[945]: Generating public/private ed25519 key pair.
[   63.223070] cloud-init[945]: Your identification has been saved in /etc/ssh/ssh_host_ed25519_key.
[   63.223111] cloud-init[945]: Your public key has been saved in /etc/ssh/ssh_host_ed25519_key.pub.
[   63.223157] cloud-init[945]: The key fingerprint is:
[   63.223259] cloud-init[945]: SHA256:IWbsY1pmbORLV71PIvesVmR4CDuUGoNBxcCpm7ypi/c root@ubuntu-xenial
[   63.223305] cloud-init[945]: The key's randomart image is:
[   63.223356] cloud-init[945]: +--[ED25519 256]--+
[   63.223403] cloud-init[945]: |     o+B.  .     |
[   63.223446] cloud-init[945]: |     .+ + +.     |
[   63.223937] cloud-init[945]: |     .* .=.o.o   |
[   63.223992] cloud-init[945]: |    .B ..oo o.+  |
[   63.224044] cloud-init[945]: |   . o% S ..++.  |
[   63.224086] cloud-init[945]: |    +O +   o *.  |
[   63.224128] cloud-init[945]: |    .o.      .+  |
[   63.224173] cloud-init[945]: | .. o       ..   |
[   63.224304] cloud-init[945]: |..o+E      ..    |
[   63.224348] cloud-init[945]: +----[SHA256]-----+
[[0;32m  OK  [0m] Started Regular background program processing daemon.
         Starting Login Service...
[[0;32m  OK  [0m] Started D-Bus System Message Bus.
         Starting System Logging Service...
         Starting LSB: Record successful boot for GRUB...
         Starting Virtualbox guest utils...
[[0;32m  OK  [0m] Started FUSE filesystem for LXC.
         Starting LXD - container startup/shutdown...
         Starting Pollinate to seed the pseudo random number generator...
         Starting /etc/rc.local Compatibility...
         Starting LSB: MD monitoring daemon...
[[0;32m  OK  [0m] Started Deferred execution scheduler.
         Starting Snap Daemon...
[[0;32m  OK  [0m] Started System Logging Service.
[[0;32m  OK  [0m] Started /etc/rc.local Compatibility.
[[0;32m  OK  [0m] Started Login Service.
[[0;32m  OK  [0m] Started LSB: Record successful boot for GRUB.
[[0;32m  OK  [0m] Started LSB: MD monitoring daemon.
[[0;32m  OK  [0m] Started Login to default iSCSI targets.
[[0;32m  OK  [0m] Reached target Remote File Systems (Pre).
[[0;32m  OK  [0m] Reached target Remote File Systems.
         Starting LSB: Set the CPU Frequency Scaling governor to "ondemand"...
         Starting LSB: daemon to balance interrupts for SMP systems...
         Starting Permit User Sessions...
         Starting LSB: automatic crash report generation...
[[0;32m  OK  [0m] Started Unattended Upgrades Shutdown.
         Starting Authenticate and Authorize Users to Run Privileged Tasks...
[[0;32m  OK  [0m] Started LXD - container startup/shutdown.
[[0;32m  OK  [0m] Started Permit User Sessions.
[[0;32m  OK  [0m] Started Virtualbox guest utils.
         Starting Hold until boot process finishes up...
         Starting Terminate Plymouth Boot Screen...
[[0;32m  OK  [0m] Started LSB: Set the CPU Frequency Scaling governor to "ondemand".
[[0;32m  OK  [0m] Started LSB: daemon to balance interrupts for SMP systems.
[[0;32m  OK  [0m] Started LSB: automatic crash report generation.
[[0;32m  OK  [0m] Started Hold until boot process finishes up.
[[0;32m  OK  [0m] Started Terminate Plymouth Boot Screen.
[[0;32m  OK  [0m] Started Authenticate and Authorize Users to Run Privileged Tasks.
[[0;32m  OK  [0m] Started Accounts Service.
         Starting Set console scheme...
[[0;32m  OK  [0m] Started Serial Getty on ttyS0.
[[0;32m  OK  [0m] Started Getty on tty1.
[[0;32m  OK  [0m] Reached target Login Prompts.
[[0;32m  OK  [0m] Started Set console scheme.
[[0;32m  OK  [0m] Started Snap Daemon.
         Starting Wait until snapd is fully seeded...
[[0;32m  OK  [0m] Started Pollinate to seed the pseudo random number generator.
         Starting OpenBSD Secure Shell server...
[[0;32m  OK  [0m] Started OpenBSD Secure Shell server.
[[0;32m  OK  [0m] Created slice User Slice of vagrant.
[[0;32m  OK  [0m] Started Session 1 of user vagrant.
         Starting User Manager for UID 1000...
[[0;32m  OK  [0m] Started User Manager for UID 1000.

Ubuntu 16.04.7 LTS ubuntu-xenial ttyS0

ubuntu-xenial login: [   73.224376] cloud-init[1474]: Generating locales (this might take a while)...
[   75.110777] cloud-init[1474]:   en_US.UTF-8... done
[   75.121207] cloud-init[1474]: Generation complete.
[   76.144104] cloud-init[1474]: Cloud-init v. 20.3-2-g371b392c-0ubuntu1~16.04.1 running 'modules:config' at Fri, 20 Nov 2020 03:32:50 +0000. Up 72.80 seconds.
ci-info: no authorized SSH keys fingerprints found for user ubuntu.
<14>Nov 20 03:32:55 ec2: 
<14>Nov 20 03:32:55 ec2: #############################################################
<14>Nov 20 03:32:55 ec2: -----BEGIN SSH HOST KEY FINGERPRINTS-----
<14>Nov 20 03:32:55 ec2: 1024 SHA256:jtK0Wp6k82dwdtKogO6qblayLDqVzs1GAaJnay5jjPk root@ubuntu-xenial (DSA)
<14>Nov 20 03:32:55 ec2: 256 SHA256:BS0tpM4lHEbqunhuz6viEfFdZCQa+2+phQwzaF1UIug root@ubuntu-xenial (ECDSA)
<14>Nov 20 03:32:55 ec2: 256 SHA256:IWbsY1pmbORLV71PIvesVmR4CDuUGoNBxcCpm7ypi/c root@ubuntu-xenial (ED25519)
<14>Nov 20 03:32:55 ec2: 2048 SHA256:pESXKH02m7DwZtgYB+dn5KVrEEI4YQboLNfl/3lX/AM root@ubuntu-xenial (RSA)
<14>Nov 20 03:32:55 ec2: -----END SSH HOST KEY FINGERPRINTS-----
<14>Nov 20 03:32:55 ec2: #############################################################
-----BEGIN SSH HOST KEY KEYS-----
ecdsa-sha2-nistp256 AAAAE2VjZHNhLXNoYTItbmlzdHAyNTYAAAAIbmlzdHAyNTYAAABBBKZyrCIsfqXAtDQWySHYXRsZ+JmF/FJk1ZvqcFOXiwxbFNWSmnN0NzHv/VyXiXTWrnLIOkgy3fap251ybXTlp0o= root@ubuntu-xenial
ssh-ed25519 AAAAC3NzaC1lZDI1NTE5AAAAIPKsMffeL/XhwUt+TcxRO0K630WPG/Qjaku08aSICzH6 root@ubuntu-xenial
ssh-rsa AAAAB3NzaC1yc2EAAAADAQABAAABAQDo/tlwvrrP/fb8bcPB4beOIwoRT4h2uWyaYzb6ljpbv1ykRKaT8k+M/buVBJJCk7O87fCY08/5HZLDDXULrevSzaXISUxSzY6XmT0in5jBAsihGQ72hX7G9Eun7TkwG535UiWrpb2S+icXqp579BtjoXHg7rvxT6TAhKvhnOdFSO3j/shsySDaHhgLOoBBVWCHMmfgdIlk5KnUWyYMpWCgW6xQ0rym8cWI2P3sQSx/RNrNaIcpDA1IfiGhgM9NoNxXPvUhtKwNRgUBXCPp7pJZKk6pHdmsJfHPvzWgszmj2RKUIU6zj+ZvzZ2N29fSzF45K6aUMb4+5y00EQm2h5Ah root@ubuntu-xenial
-----END SSH HOST KEY KEYS-----
[   77.555596] cloud-init[1738]: Cloud-init v. 20.3-2-g371b392c-0ubuntu1~16.04.1 running 'modules:final' at Fri, 20 Nov 2020 03:32:54 +0000. Up 76.93 seconds.
[   77.559247] cloud-init[1738]: ci-info: no authorized SSH keys fingerprints found for user ubuntu.
[   77.559614] cloud-init[1738]: Cloud-init v. 20.3-2-g371b392c-0ubuntu1~16.04.1 finished at Fri, 20 Nov 2020 03:32:55 +0000. Datasource DataSourceNoCloud [seed=/dev/sdb][dsmode=net].  Up 77.52 seconds
